
*** Running vivado
    with args -log topModule.vds -m64 -product Vivado -mode batch -messageDb vivado.pb -notrace -source topModule.tcl



****** Vivado v2021.2 (64-bit)
  **** SW Build 3367213 on Tue Oct 19 02:48:09 MDT 2021
  **** IP Build 3369179 on Thu Oct 21 08:25:16 MDT 2021
    ** Copyright 1986-2021 Xilinx, Inc. All Rights Reserved.

source topModule.tcl -notrace
Command: read_checkpoint -auto_incremental -incremental C:/Users/MONSTER/Desktop/cs223_project/project/project.srcs/utils_1/imports/synth_1/topModule.dcp
INFO: [Vivado 12-5825] Read reference checkpoint from C:/Users/MONSTER/Desktop/cs223_project/project/project.srcs/utils_1/imports/synth_1/topModule.dcp for incremental synthesis
INFO: [Vivado 12-7989] Please ensure there are no constraint changes
Command: synth_design -top topModule -part xc7a35tcpg236-1
Starting synth_design
Attempting to get a license for feature 'Synthesis' and/or device 'xc7a35t'
INFO: [Common 17-349] Got license for feature 'Synthesis' and/or device 'xc7a35t'
INFO: [Device 21-403] Loading part xc7a35tcpg236-1
WARNING: [Designutils 20-4072] Reference run did not run incremental synthesis because the design is too small; reverting to default synthesis
INFO: [Designutils 20-4379] Flow is switching to default flow due to incremental criteria not met. If you would like to alter this behaviour and have the flow terminate instead, please set the following parameter config_implementation {autoIncr.Synth.RejectBehavior Terminate}
INFO: [Synth 8-7079] Multithreading enabled for synth_design using a maximum of 2 processes.
INFO: [Synth 8-7078] Launching helper process for spawning children vivado processes
INFO: [Synth 8-7075] Helper process launched with PID 17108
---------------------------------------------------------------------------------
Starting RTL Elaboration : Time (s): cpu = 00:00:05 ; elapsed = 00:00:05 . Memory (MB): peak = 1260.598 ; gain = 0.000
---------------------------------------------------------------------------------
INFO: [Synth 8-6157] synthesizing module 'topModule' [C:/Users/MONSTER/Desktop/cs223_project/project/project.srcs/sources_1/new/topModule.sv:2]
INFO: [Synth 8-6157] synthesizing module 'clock_Divider' [C:/Users/MONSTER/Desktop/cs223_project/project/project.srcs/sources_1/new/clock_Divider.sv:4]
INFO: [Synth 8-6155] done synthesizing module 'clock_Divider' (1#1) [C:/Users/MONSTER/Desktop/cs223_project/project/project.srcs/sources_1/new/clock_Divider.sv:4]
INFO: [Synth 8-6157] synthesizing module 'controlUnit' [C:/Users/MONSTER/Desktop/cs223_project/project/project.srcs/sources_1/new/controlUnit.sv:2]
INFO: [Synth 8-6157] synthesizing module 'controller' [C:/Users/MONSTER/Desktop/cs223_project/project/project.srcs/sources_1/new/controller.sv:2]
INFO: [Synth 8-155] case statement is not full and has no default [C:/Users/MONSTER/Desktop/cs223_project/project/project.srcs/sources_1/new/controller.sv:25]
WARNING: [Synth 8-87] always_comb on 'isExternal_reg' did not result in combinational logic [C:/Users/MONSTER/Desktop/cs223_project/project/project.srcs/sources_1/new/controller.sv:27]
WARNING: [Synth 8-87] always_comb on 'PC_clr_reg' did not result in combinational logic [C:/Users/MONSTER/Desktop/cs223_project/project/project.srcs/sources_1/new/controller.sv:28]
WARNING: [Synth 8-87] always_comb on 'PC_ld_reg' did not result in combinational logic [C:/Users/MONSTER/Desktop/cs223_project/project/project.srcs/sources_1/new/controller.sv:29]
WARNING: [Synth 8-87] always_comb on 'IM_en_reg' did not result in combinational logic [C:/Users/MONSTER/Desktop/cs223_project/project/project.srcs/sources_1/new/controller.sv:30]
WARNING: [Synth 8-87] always_comb on 'IM_rd_reg' did not result in combinational logic [C:/Users/MONSTER/Desktop/cs223_project/project/project.srcs/sources_1/new/controller.sv:31]
WARNING: [Synth 8-87] always_comb on 'IM_wr_reg' did not result in combinational logic [C:/Users/MONSTER/Desktop/cs223_project/project/project.srcs/sources_1/new/controller.sv:32]
WARNING: [Synth 8-87] always_comb on 'IM_clr_reg' did not result in combinational logic [C:/Users/MONSTER/Desktop/cs223_project/project/project.srcs/sources_1/new/controller.sv:33]
WARNING: [Synth 8-87] always_comb on 'IR_ld_reg' did not result in combinational logic [C:/Users/MONSTER/Desktop/cs223_project/project/project.srcs/sources_1/new/controller.sv:34]
WARNING: [Synth 8-87] always_comb on 'M_clr_reg' did not result in combinational logic [C:/Users/MONSTER/Desktop/cs223_project/project/project.srcs/sources_1/new/controller.sv:35]
WARNING: [Synth 8-87] always_comb on 'M_re_reg' did not result in combinational logic [C:/Users/MONSTER/Desktop/cs223_project/project/project.srcs/sources_1/new/controller.sv:36]
WARNING: [Synth 8-87] always_comb on 'M_we_reg' did not result in combinational logic [C:/Users/MONSTER/Desktop/cs223_project/project/project.srcs/sources_1/new/controller.sv:37]
WARNING: [Synth 8-87] always_comb on 'RF_clr_reg' did not result in combinational logic [C:/Users/MONSTER/Desktop/cs223_project/project/project.srcs/sources_1/new/controller.sv:38]
WARNING: [Synth 8-87] always_comb on 'RF_we1_reg' did not result in combinational logic [C:/Users/MONSTER/Desktop/cs223_project/project/project.srcs/sources_1/new/controller.sv:39]
WARNING: [Synth 8-87] always_comb on 'RF_we2_reg' did not result in combinational logic [C:/Users/MONSTER/Desktop/cs223_project/project/project.srcs/sources_1/new/controller.sv:40]
WARNING: [Synth 8-87] always_comb on 'Reg_wr_sel1_reg' did not result in combinational logic [C:/Users/MONSTER/Desktop/cs223_project/project/project.srcs/sources_1/new/controller.sv:41]
WARNING: [Synth 8-87] always_comb on 'Reg_wr_sel2_reg' did not result in combinational logic [C:/Users/MONSTER/Desktop/cs223_project/project/project.srcs/sources_1/new/controller.sv:42]
WARNING: [Synth 8-87] always_comb on 'RF_raddr1_reg' did not result in combinational logic [C:/Users/MONSTER/Desktop/cs223_project/project/project.srcs/sources_1/new/controller.sv:43]
WARNING: [Synth 8-87] always_comb on 'RF_raddr2_reg' did not result in combinational logic [C:/Users/MONSTER/Desktop/cs223_project/project/project.srcs/sources_1/new/controller.sv:44]
WARNING: [Synth 8-87] always_comb on 'out_reg' did not result in combinational logic [C:/Users/MONSTER/Desktop/cs223_project/project/project.srcs/sources_1/new/controller.sv:45]
WARNING: [Synth 8-87] always_comb on 'nextState_reg[3]' did not result in combinational logic [C:/Users/MONSTER/Desktop/cs223_project/project/project.srcs/sources_1/new/controller.sv:46]
WARNING: [Synth 8-87] always_comb on 'nextState_reg[2]' did not result in combinational logic [C:/Users/MONSTER/Desktop/cs223_project/project/project.srcs/sources_1/new/controller.sv:46]
WARNING: [Synth 8-87] always_comb on 'nextState_reg[1]' did not result in combinational logic [C:/Users/MONSTER/Desktop/cs223_project/project/project.srcs/sources_1/new/controller.sv:46]
WARNING: [Synth 8-87] always_comb on 'nextState_reg[0]' did not result in combinational logic [C:/Users/MONSTER/Desktop/cs223_project/project/project.srcs/sources_1/new/controller.sv:46]
WARNING: [Synth 8-87] always_comb on 'RF_waddr2_reg' did not result in combinational logic [C:/Users/MONSTER/Desktop/cs223_project/project/project.srcs/sources_1/new/controller.sv:86]
WARNING: [Synth 8-87] always_comb on 'most_significant_B_reg' did not result in combinational logic [C:/Users/MONSTER/Desktop/cs223_project/project/project.srcs/sources_1/new/controller.sv:145]
WARNING: [Synth 8-87] always_comb on 'M_add_reg' did not result in combinational logic [C:/Users/MONSTER/Desktop/cs223_project/project/project.srcs/sources_1/new/controller.sv:215]
WARNING: [Synth 8-87] always_comb on 'RF_waddr1_reg' did not result in combinational logic [C:/Users/MONSTER/Desktop/cs223_project/project/project.srcs/sources_1/new/controller.sv:216]
WARNING: [Synth 8-87] always_comb on 'ALU_sel_reg' did not result in combinational logic [C:/Users/MONSTER/Desktop/cs223_project/project/project.srcs/sources_1/new/controller.sv:265]
INFO: [Synth 8-6155] done synthesizing module 'controller' (2#1) [C:/Users/MONSTER/Desktop/cs223_project/project/project.srcs/sources_1/new/controller.sv:2]
INFO: [Synth 8-6157] synthesizing module 'programCounter' [C:/Users/MONSTER/Desktop/cs223_project/project/project.srcs/sources_1/new/programCounter.sv:2]
INFO: [Synth 8-6155] done synthesizing module 'programCounter' (3#1) [C:/Users/MONSTER/Desktop/cs223_project/project/project.srcs/sources_1/new/programCounter.sv:2]
INFO: [Synth 8-6157] synthesizing module 'instructionMemory' [C:/Users/MONSTER/Desktop/cs223_project/project/project.srcs/sources_1/new/instructionMemory.sv:2]
INFO: [Synth 8-6155] done synthesizing module 'instructionMemory' (4#1) [C:/Users/MONSTER/Desktop/cs223_project/project/project.srcs/sources_1/new/instructionMemory.sv:2]
INFO: [Synth 8-6157] synthesizing module 'twelveBitMux2to1' [C:/Users/MONSTER/Desktop/cs223_project/project/project.srcs/sources_1/new/twelveBitMux2to1.sv:2]
INFO: [Synth 8-6155] done synthesizing module 'twelveBitMux2to1' (5#1) [C:/Users/MONSTER/Desktop/cs223_project/project/project.srcs/sources_1/new/twelveBitMux2to1.sv:2]
INFO: [Synth 8-6157] synthesizing module 'instructionRegister' [C:/Users/MONSTER/Desktop/cs223_project/project/project.srcs/sources_1/new/instructionRegister.sv:2]
INFO: [Synth 8-6155] done synthesizing module 'instructionRegister' (6#1) [C:/Users/MONSTER/Desktop/cs223_project/project/project.srcs/sources_1/new/instructionRegister.sv:2]
WARNING: [Synth 8-3848] Net RF_wdata2 in module/entity controlUnit does not have driver. [C:/Users/MONSTER/Desktop/cs223_project/project/project.srcs/sources_1/new/controlUnit.sv:6]
INFO: [Synth 8-6155] done synthesizing module 'controlUnit' (7#1) [C:/Users/MONSTER/Desktop/cs223_project/project/project.srcs/sources_1/new/controlUnit.sv:2]
INFO: [Synth 8-6157] synthesizing module 'dataMemory' [C:/Users/MONSTER/Desktop/cs223_project/project/project.srcs/sources_1/new/dataMemory.sv:3]
WARNING: [Synth 8-7137] Register out_reg in module dataMemory has both Set and reset with same priority. This may cause simulation mismatches. Consider rewriting code  [C:/Users/MONSTER/Desktop/cs223_project/project/project.srcs/sources_1/new/dataMemory.sv:53]
INFO: [Synth 8-6155] done synthesizing module 'dataMemory' (8#1) [C:/Users/MONSTER/Desktop/cs223_project/project/project.srcs/sources_1/new/dataMemory.sv:3]
INFO: [Synth 8-6157] synthesizing module 'dataPath' [C:/Users/MONSTER/Desktop/cs223_project/project/project.srcs/sources_1/new/dataPath.sv:2]
INFO: [Synth 8-6157] synthesizing module 'fourBitMux2to1' [C:/Users/MONSTER/Desktop/cs223_project/project/project.srcs/sources_1/new/fourBitMux2to1.sv:2]
INFO: [Synth 8-6155] done synthesizing module 'fourBitMux2to1' (9#1) [C:/Users/MONSTER/Desktop/cs223_project/project/project.srcs/sources_1/new/fourBitMux2to1.sv:2]
INFO: [Synth 8-6157] synthesizing module 'registerFile' [C:/Users/MONSTER/Desktop/cs223_project/project/project.srcs/sources_1/new/registerFile.sv:2]
WARNING: [Synth 8-7137] Register readData1_reg in module registerFile has both Set and reset with same priority. This may cause simulation mismatches. Consider rewriting code  [C:/Users/MONSTER/Desktop/cs223_project/project/project.srcs/sources_1/new/registerFile.sv:100]
WARNING: [Synth 8-7137] Register readData2_reg in module registerFile has both Set and reset with same priority. This may cause simulation mismatches. Consider rewriting code  [C:/Users/MONSTER/Desktop/cs223_project/project/project.srcs/sources_1/new/registerFile.sv:111]
INFO: [Synth 8-6155] done synthesizing module 'registerFile' (10#1) [C:/Users/MONSTER/Desktop/cs223_project/project/project.srcs/sources_1/new/registerFile.sv:2]
INFO: [Synth 8-6157] synthesizing module 'alu' [C:/Users/MONSTER/Desktop/cs223_project/project/project.srcs/sources_1/new/alu.sv:4]
WARNING: [Synth 8-87] always_comb on 'out2_reg' did not result in combinational logic [C:/Users/MONSTER/Desktop/cs223_project/project/project.srcs/sources_1/new/alu.sv:27]
INFO: [Synth 8-6155] done synthesizing module 'alu' (11#1) [C:/Users/MONSTER/Desktop/cs223_project/project/project.srcs/sources_1/new/alu.sv:4]
INFO: [Synth 8-6157] synthesizing module 'sevenSegmentDisplay' [C:/Users/MONSTER/Desktop/cs223_project/project/project.srcs/sources_1/new/sevenSegmentDisplay.sv:5]
INFO: [Synth 8-6155] done synthesizing module 'sevenSegmentDisplay' (12#1) [C:/Users/MONSTER/Desktop/cs223_project/project/project.srcs/sources_1/new/sevenSegmentDisplay.sv:5]
INFO: [Synth 8-6155] done synthesizing module 'dataPath' (13#1) [C:/Users/MONSTER/Desktop/cs223_project/project/project.srcs/sources_1/new/dataPath.sv:2]
INFO: [Synth 8-6155] done synthesizing module 'topModule' (14#1) [C:/Users/MONSTER/Desktop/cs223_project/project/project.srcs/sources_1/new/topModule.sv:2]
WARNING: [Synth 8-7129] Port RF_clr in module dataPath is either unconnected or has no load
WARNING: [Synth 8-7129] Port switch[11] in module dataPath is either unconnected or has no load
WARNING: [Synth 8-7129] Port switch[10] in module dataPath is either unconnected or has no load
WARNING: [Synth 8-7129] Port switch[9] in module dataPath is either unconnected or has no load
WARNING: [Synth 8-7129] Port switch[8] in module dataPath is either unconnected or has no load
WARNING: [Synth 8-7129] Port switch[7] in module dataPath is either unconnected or has no load
WARNING: [Synth 8-7129] Port switch[6] in module dataPath is either unconnected or has no load
WARNING: [Synth 8-7129] Port switch[5] in module dataPath is either unconnected or has no load
WARNING: [Synth 8-7129] Port switch[4] in module dataPath is either unconnected or has no load
WARNING: [Synth 8-7129] Port switch[3] in module dataPath is either unconnected or has no load
WARNING: [Synth 8-7129] Port switch[2] in module dataPath is either unconnected or has no load
WARNING: [Synth 8-7129] Port switch[1] in module dataPath is either unconnected or has no load
WARNING: [Synth 8-7129] Port switch[0] in module dataPath is either unconnected or has no load
WARNING: [Synth 8-7129] Port pbBottom in module controller is either unconnected or has no load
WARNING: [Synth 8-7129] Port switch[15] in module controller is either unconnected or has no load
WARNING: [Synth 8-7129] Port switch[14] in module controller is either unconnected or has no load
WARNING: [Synth 8-7129] Port switch[13] in module controller is either unconnected or has no load
WARNING: [Synth 8-7129] Port switch[12] in module controller is either unconnected or has no load
WARNING: [Synth 8-7129] Port switch[8] in module controller is either unconnected or has no load
WARNING: [Synth 8-7129] Port switch[7] in module controller is either unconnected or has no load
WARNING: [Synth 8-7129] Port switch[6] in module controller is either unconnected or has no load
WARNING: [Synth 8-7129] Port switch[5] in module controller is either unconnected or has no load
WARNING: [Synth 8-7129] Port switch[4] in module controller is either unconnected or has no load
WARNING: [Synth 8-7129] Port switch[3] in module controller is either unconnected or has no load
WARNING: [Synth 8-7129] Port switch[2] in module controller is either unconnected or has no load
WARNING: [Synth 8-7129] Port switch[1] in module controller is either unconnected or has no load
WARNING: [Synth 8-7129] Port switch[0] in module controller is either unconnected or has no load
WARNING: [Synth 8-7129] Port RF_wdata2[3] in module controlUnit is either unconnected or has no load
WARNING: [Synth 8-7129] Port RF_wdata2[2] in module controlUnit is either unconnected or has no load
WARNING: [Synth 8-7129] Port RF_wdata2[1] in module controlUnit is either unconnected or has no load
WARNING: [Synth 8-7129] Port RF_wdata2[0] in module controlUnit is either unconnected or has no load
---------------------------------------------------------------------------------
Finished RTL Elaboration : Time (s): cpu = 00:00:06 ; elapsed = 00:00:06 . Memory (MB): peak = 1260.598 ; gain = 0.000
---------------------------------------------------------------------------------
---------------------------------------------------------------------------------
Start Handling Custom Attributes
---------------------------------------------------------------------------------
---------------------------------------------------------------------------------
Finished Handling Custom Attributes : Time (s): cpu = 00:00:07 ; elapsed = 00:00:07 . Memory (MB): peak = 1260.598 ; gain = 0.000
---------------------------------------------------------------------------------
---------------------------------------------------------------------------------
Finished RTL Optimization Phase 1 : Time (s): cpu = 00:00:07 ; elapsed = 00:00:07 . Memory (MB): peak = 1260.598 ; gain = 0.000
---------------------------------------------------------------------------------
Netlist sorting complete. Time (s): cpu = 00:00:00 ; elapsed = 00:00:00.011 . Memory (MB): peak = 1260.598 ; gain = 0.000
INFO: [Project 1-570] Preparing netlist for logic optimization

Processing XDC Constraints
Initializing timing engine
Parsing XDC File [C:/Users/MONSTER/Desktop/const.xdc]
Finished Parsing XDC File [C:/Users/MONSTER/Desktop/const.xdc]
INFO: [Project 1-236] Implementation specific constraints were found while reading constraint file [C:/Users/MONSTER/Desktop/const.xdc]. These constraints will be ignored for synthesis but will be used in implementation. Impacted constraints are listed in the file [.Xil/topModule_propImpl.xdc].
Resolution: To avoid this warning, move constraints listed in [.Xil/topModule_propImpl.xdc] to another XDC file and exclude this new file from synthesis with the used_in_synthesis property (File Properties dialog in GUI) and re-run elaboration/synthesis.
Completed Processing XDC Constraints

Netlist sorting complete. Time (s): cpu = 00:00:00 ; elapsed = 00:00:00 . Memory (MB): peak = 1260.598 ; gain = 0.000
INFO: [Project 1-111] Unisim Transformation Summary:
No Unisim elements were transformed.

Constraint Validation Runtime : Time (s): cpu = 00:00:00 ; elapsed = 00:00:00.004 . Memory (MB): peak = 1260.598 ; gain = 0.000
WARNING: [Designutils 20-4072] Reference run did not run incremental synthesis because the design is too small; reverting to default synthesis
INFO: [Designutils 20-4379] Flow is switching to default flow due to incremental criteria not met. If you would like to alter this behaviour and have the flow terminate instead, please set the following parameter config_implementation {autoIncr.Synth.RejectBehavior Terminate}
---------------------------------------------------------------------------------
Finished Constraint Validation : Time (s): cpu = 00:00:13 ; elapsed = 00:00:14 . Memory (MB): peak = 1260.598 ; gain = 0.000
---------------------------------------------------------------------------------
---------------------------------------------------------------------------------
Start Loading Part and Timing Information
---------------------------------------------------------------------------------
Loading part: xc7a35tcpg236-1
---------------------------------------------------------------------------------
Finished Loading Part and Timing Information : Time (s): cpu = 00:00:13 ; elapsed = 00:00:14 . Memory (MB): peak = 1260.598 ; gain = 0.000
---------------------------------------------------------------------------------
---------------------------------------------------------------------------------
Start Applying 'set_property' XDC Constraints
---------------------------------------------------------------------------------
---------------------------------------------------------------------------------
Finished applying 'set_property' XDC Constraints : Time (s): cpu = 00:00:13 ; elapsed = 00:00:14 . Memory (MB): peak = 1260.598 ; gain = 0.000
---------------------------------------------------------------------------------
WARNING: [Synth 8-327] inferring latch for variable 'isExternal_reg' [C:/Users/MONSTER/Desktop/cs223_project/project/project.srcs/sources_1/new/controller.sv:27]
WARNING: [Synth 8-327] inferring latch for variable 'PC_clr_reg' [C:/Users/MONSTER/Desktop/cs223_project/project/project.srcs/sources_1/new/controller.sv:28]
WARNING: [Synth 8-327] inferring latch for variable 'PC_ld_reg' [C:/Users/MONSTER/Desktop/cs223_project/project/project.srcs/sources_1/new/controller.sv:29]
WARNING: [Synth 8-327] inferring latch for variable 'IM_en_reg' [C:/Users/MONSTER/Desktop/cs223_project/project/project.srcs/sources_1/new/controller.sv:30]
WARNING: [Synth 8-327] inferring latch for variable 'IM_wr_reg' [C:/Users/MONSTER/Desktop/cs223_project/project/project.srcs/sources_1/new/controller.sv:32]
WARNING: [Synth 8-327] inferring latch for variable 'IR_ld_reg' [C:/Users/MONSTER/Desktop/cs223_project/project/project.srcs/sources_1/new/controller.sv:34]
WARNING: [Synth 8-327] inferring latch for variable 'M_clr_reg' [C:/Users/MONSTER/Desktop/cs223_project/project/project.srcs/sources_1/new/controller.sv:35]
WARNING: [Synth 8-327] inferring latch for variable 'M_re_reg' [C:/Users/MONSTER/Desktop/cs223_project/project/project.srcs/sources_1/new/controller.sv:36]
WARNING: [Synth 8-327] inferring latch for variable 'M_we_reg' [C:/Users/MONSTER/Desktop/cs223_project/project/project.srcs/sources_1/new/controller.sv:37]
WARNING: [Synth 8-327] inferring latch for variable 'RF_clr_reg' [C:/Users/MONSTER/Desktop/cs223_project/project/project.srcs/sources_1/new/controller.sv:38]
WARNING: [Synth 8-327] inferring latch for variable 'RF_we1_reg' [C:/Users/MONSTER/Desktop/cs223_project/project/project.srcs/sources_1/new/controller.sv:39]
WARNING: [Synth 8-327] inferring latch for variable 'RF_we2_reg' [C:/Users/MONSTER/Desktop/cs223_project/project/project.srcs/sources_1/new/controller.sv:40]
WARNING: [Synth 8-327] inferring latch for variable 'M_add_reg' [C:/Users/MONSTER/Desktop/cs223_project/project/project.srcs/sources_1/new/controller.sv:215]
WARNING: [Synth 8-327] inferring latch for variable 'RF_raddr1_reg' [C:/Users/MONSTER/Desktop/cs223_project/project/project.srcs/sources_1/new/controller.sv:43]
WARNING: [Synth 8-327] inferring latch for variable 'RF_raddr2_reg' [C:/Users/MONSTER/Desktop/cs223_project/project/project.srcs/sources_1/new/controller.sv:44]
WARNING: [Synth 8-327] inferring latch for variable 'RF_waddr1_reg' [C:/Users/MONSTER/Desktop/cs223_project/project/project.srcs/sources_1/new/controller.sv:216]
WARNING: [Synth 8-327] inferring latch for variable 'RF_waddr2_reg' [C:/Users/MONSTER/Desktop/cs223_project/project/project.srcs/sources_1/new/controller.sv:86]
WARNING: [Synth 8-327] inferring latch for variable 'ALU_sel_reg' [C:/Users/MONSTER/Desktop/cs223_project/project/project.srcs/sources_1/new/controller.sv:265]
WARNING: [Synth 8-327] inferring latch for variable 'Reg_wr_sel1_reg' [C:/Users/MONSTER/Desktop/cs223_project/project/project.srcs/sources_1/new/controller.sv:41]
WARNING: [Synth 8-327] inferring latch for variable 'Reg_wr_sel2_reg' [C:/Users/MONSTER/Desktop/cs223_project/project/project.srcs/sources_1/new/controller.sv:42]
WARNING: [Synth 8-327] inferring latch for variable 'out_reg' [C:/Users/MONSTER/Desktop/cs223_project/project/project.srcs/sources_1/new/controller.sv:45]
WARNING: [Synth 8-327] inferring latch for variable 'nextState_reg[0]' [C:/Users/MONSTER/Desktop/cs223_project/project/project.srcs/sources_1/new/controller.sv:46]
WARNING: [Synth 8-327] inferring latch for variable 'nextState_reg[3]' [C:/Users/MONSTER/Desktop/cs223_project/project/project.srcs/sources_1/new/controller.sv:46]
WARNING: [Synth 8-327] inferring latch for variable 'most_significant_B_reg' [C:/Users/MONSTER/Desktop/cs223_project/project/project.srcs/sources_1/new/controller.sv:145]
WARNING: [Synth 8-327] inferring latch for variable 'out2_reg' [C:/Users/MONSTER/Desktop/cs223_project/project/project.srcs/sources_1/new/alu.sv:27]
---------------------------------------------------------------------------------
Finished RTL Optimization Phase 2 : Time (s): cpu = 00:00:14 ; elapsed = 00:00:14 . Memory (MB): peak = 1260.598 ; gain = 0.000
---------------------------------------------------------------------------------
---------------------------------------------------------------------------------
Start RTL Component Statistics 
---------------------------------------------------------------------------------
Detailed RTL Component Info : 
+---Adders : 
	   3 Input    4 Bit       Adders := 1     
	   2 Input    3 Bit       Adders := 2     
+---Registers : 
	               12 Bit    Registers := 10    
	                4 Bit    Registers := 29    
	                3 Bit    Registers := 2     
	                1 Bit    Registers := 2     
+---Muxes : 
	   2 Input   12 Bit        Muxes := 1     
	   7 Input    4 Bit        Muxes := 1     
	   2 Input    4 Bit        Muxes := 17    
	   8 Input    4 Bit        Muxes := 8     
	   4 Input    4 Bit        Muxes := 4     
	   2 Input    3 Bit        Muxes := 5     
	  15 Input    3 Bit        Muxes := 4     
	   8 Input    3 Bit        Muxes := 1     
	   5 Input    3 Bit        Muxes := 1     
	   2 Input    2 Bit        Muxes := 1     
	  15 Input    2 Bit        Muxes := 1     
	   2 Input    1 Bit        Muxes := 39    
	  15 Input    1 Bit        Muxes := 31    
	   8 Input    1 Bit        Muxes := 25    
	  16 Input    1 Bit        Muxes := 16    
	   4 Input    1 Bit        Muxes := 1     
---------------------------------------------------------------------------------
Finished RTL Component Statistics 
---------------------------------------------------------------------------------
---------------------------------------------------------------------------------
Start Part Resource Summary
---------------------------------------------------------------------------------
Part Resources:
DSPs: 90 (col length:60)
BRAMs: 100 (col length: RAMB18 60 RAMB36 30)
---------------------------------------------------------------------------------
Finished Part Resource Summary
---------------------------------------------------------------------------------
---------------------------------------------------------------------------------
Start Cross Boundary and Area Optimization
---------------------------------------------------------------------------------
WARNING: [Synth 8-7080] Parallel synthesis criteria is not met
WARNING: [Synth 8-7129] Port RF_clr in module dataPath is either unconnected or has no load
WARNING: [Synth 8-7129] Port switch[11] in module dataPath is either unconnected or has no load
WARNING: [Synth 8-7129] Port switch[10] in module dataPath is either unconnected or has no load
WARNING: [Synth 8-7129] Port switch[9] in module dataPath is either unconnected or has no load
WARNING: [Synth 8-7129] Port switch[8] in module dataPath is either unconnected or has no load
WARNING: [Synth 8-7129] Port switch[7] in module dataPath is either unconnected or has no load
WARNING: [Synth 8-7129] Port switch[6] in module dataPath is either unconnected or has no load
WARNING: [Synth 8-7129] Port switch[5] in module dataPath is either unconnected or has no load
WARNING: [Synth 8-7129] Port switch[4] in module dataPath is either unconnected or has no load
WARNING: [Synth 8-7129] Port switch[3] in module dataPath is either unconnected or has no load
WARNING: [Synth 8-7129] Port switch[2] in module dataPath is either unconnected or has no load
WARNING: [Synth 8-7129] Port switch[1] in module dataPath is either unconnected or has no load
WARNING: [Synth 8-7129] Port switch[0] in module dataPath is either unconnected or has no load
WARNING: [Synth 8-7129] Port RF_wdata2[3] in module controlUnit is either unconnected or has no load
WARNING: [Synth 8-7129] Port RF_wdata2[2] in module controlUnit is either unconnected or has no load
WARNING: [Synth 8-7129] Port RF_wdata2[1] in module controlUnit is either unconnected or has no load
WARNING: [Synth 8-7129] Port RF_wdata2[0] in module controlUnit is either unconnected or has no load
WARNING: [Synth 8-7129] Port bottomButton in module controlUnit is either unconnected or has no load
WARNING: [Synth 8-7129] Port switch[15] in module controlUnit is either unconnected or has no load
WARNING: [Synth 8-7129] Port switch[14] in module controlUnit is either unconnected or has no load
WARNING: [Synth 8-7129] Port switch[13] in module controlUnit is either unconnected or has no load
WARNING: [Synth 8-7129] Port switch[12] in module controlUnit is either unconnected or has no load
WARNING: [Synth 8-3332] Sequential element (controlU/controll/PC_clr_reg) is unused and will be removed from module topModule.
WARNING: [Synth 8-3332] Sequential element (controlU/controll/PC_ld_reg) is unused and will be removed from module topModule.
WARNING: [Synth 8-3332] Sequential element (controlU/controll/IM_en_reg) is unused and will be removed from module topModule.
WARNING: [Synth 8-3332] Sequential element (controlU/controll/IM_wr_reg) is unused and will be removed from module topModule.
WARNING: [Synth 8-3332] Sequential element (controlU/controll/M_clr_reg) is unused and will be removed from module topModule.
WARNING: [Synth 8-3332] Sequential element (controlU/controll/RF_clr_reg) is unused and will be removed from module topModule.
WARNING: [Synth 8-3332] Sequential element (controlU/controll/nextState_reg[3][0]) is unused and will be removed from module topModule.
---------------------------------------------------------------------------------
Finished Cross Boundary and Area Optimization : Time (s): cpu = 00:00:20 ; elapsed = 00:00:21 . Memory (MB): peak = 1260.598 ; gain = 0.000
---------------------------------------------------------------------------------
---------------------------------------------------------------------------------
Start Applying XDC Timing Constraints
---------------------------------------------------------------------------------
---------------------------------------------------------------------------------
Finished Applying XDC Timing Constraints : Time (s): cpu = 00:00:26 ; elapsed = 00:00:27 . Memory (MB): peak = 1260.598 ; gain = 0.000
---------------------------------------------------------------------------------
---------------------------------------------------------------------------------
Start Timing Optimization
---------------------------------------------------------------------------------
---------------------------------------------------------------------------------
Finished Timing Optimization : Time (s): cpu = 00:00:27 ; elapsed = 00:00:27 . Memory (MB): peak = 1260.598 ; gain = 0.000
---------------------------------------------------------------------------------
---------------------------------------------------------------------------------
Start Technology Mapping
---------------------------------------------------------------------------------
---------------------------------------------------------------------------------
Finished Technology Mapping : Time (s): cpu = 00:00:27 ; elapsed = 00:00:28 . Memory (MB): peak = 1260.598 ; gain = 0.000
---------------------------------------------------------------------------------
---------------------------------------------------------------------------------
Start IO Insertion
---------------------------------------------------------------------------------
---------------------------------------------------------------------------------
Start Flattening Before IO Insertion
---------------------------------------------------------------------------------
---------------------------------------------------------------------------------
Finished Flattening Before IO Insertion
---------------------------------------------------------------------------------
---------------------------------------------------------------------------------
Start Final Netlist Cleanup
---------------------------------------------------------------------------------
---------------------------------------------------------------------------------
Finished Final Netlist Cleanup
---------------------------------------------------------------------------------
---------------------------------------------------------------------------------
Finished IO Insertion : Time (s): cpu = 00:00:31 ; elapsed = 00:00:32 . Memory (MB): peak = 1260.598 ; gain = 0.000
---------------------------------------------------------------------------------
---------------------------------------------------------------------------------
Start Renaming Generated Instances
---------------------------------------------------------------------------------
---------------------------------------------------------------------------------
Finished Renaming Generated Instances : Time (s): cpu = 00:00:31 ; elapsed = 00:00:32 . Memory (MB): peak = 1260.598 ; gain = 0.000
---------------------------------------------------------------------------------
---------------------------------------------------------------------------------
Start Rebuilding User Hierarchy
---------------------------------------------------------------------------------
---------------------------------------------------------------------------------
Finished Rebuilding User Hierarchy : Time (s): cpu = 00:00:31 ; elapsed = 00:00:32 . Memory (MB): peak = 1260.598 ; gain = 0.000
---------------------------------------------------------------------------------
---------------------------------------------------------------------------------
Start Renaming Generated Ports
---------------------------------------------------------------------------------
---------------------------------------------------------------------------------
Finished Renaming Generated Ports : Time (s): cpu = 00:00:31 ; elapsed = 00:00:32 . Memory (MB): peak = 1260.598 ; gain = 0.000
---------------------------------------------------------------------------------
---------------------------------------------------------------------------------
Start Handling Custom Attributes
---------------------------------------------------------------------------------
---------------------------------------------------------------------------------
Finished Handling Custom Attributes : Time (s): cpu = 00:00:31 ; elapsed = 00:00:32 . Memory (MB): peak = 1260.598 ; gain = 0.000
---------------------------------------------------------------------------------
---------------------------------------------------------------------------------
Start Renaming Generated Nets
---------------------------------------------------------------------------------
---------------------------------------------------------------------------------
Finished Renaming Generated Nets : Time (s): cpu = 00:00:31 ; elapsed = 00:00:32 . Memory (MB): peak = 1260.598 ; gain = 0.000
---------------------------------------------------------------------------------
---------------------------------------------------------------------------------
Start Writing Synthesis Report
---------------------------------------------------------------------------------

Report BlackBoxes: 
+-+--------------+----------+
| |BlackBox name |Instances |
+-+--------------+----------+
+-+--------------+----------+

Report Cell Usage: 
+------+-------+------+
|      |Cell   |Count |
+------+-------+------+
|1     |BUFG   |     3|
|2     |CARRY4 |    20|
|3     |LUT1   |     4|
|4     |LUT2   |    19|
|5     |LUT3   |    36|
|6     |LUT4   |    54|
|7     |LUT5   |    48|
|8     |LUT6   |   140|
|9     |MUXF7  |    30|
|10    |MUXF8  |     4|
|11    |FDCE   |   103|
|12    |FDRE   |   211|
|13    |LD     |    49|
|14    |IBUF   |    22|
|15    |OBUF   |    24|
+------+-------+------+
---------------------------------------------------------------------------------
Finished Writing Synthesis Report : Time (s): cpu = 00:00:31 ; elapsed = 00:00:32 . Memory (MB): peak = 1260.598 ; gain = 0.000
---------------------------------------------------------------------------------
Synthesis finished with 0 errors, 0 critical warnings and 55 warnings.
Synthesis Optimization Runtime : Time (s): cpu = 00:00:22 ; elapsed = 00:00:30 . Memory (MB): peak = 1260.598 ; gain = 0.000
Synthesis Optimization Complete : Time (s): cpu = 00:00:31 ; elapsed = 00:00:32 . Memory (MB): peak = 1260.598 ; gain = 0.000
INFO: [Project 1-571] Translating synthesized netlist
Netlist sorting complete. Time (s): cpu = 00:00:00 ; elapsed = 00:00:00.013 . Memory (MB): peak = 1260.598 ; gain = 0.000
INFO: [Netlist 29-17] Analyzing 103 Unisim elements for replacement
INFO: [Netlist 29-28] Unisim Transformation completed in 1 CPU seconds
INFO: [Project 1-570] Preparing netlist for logic optimization
INFO: [Opt 31-138] Pushed 0 inverter(s) to 0 load pin(s).
Netlist sorting complete. Time (s): cpu = 00:00:00 ; elapsed = 00:00:00 . Memory (MB): peak = 1260.598 ; gain = 0.000
INFO: [Project 1-111] Unisim Transformation Summary:
  A total of 49 instances were transformed.
  LD => LDCE: 49 instances

Synth Design complete, checksum: 462edb60
INFO: [Common 17-83] Releasing license: Synthesis
48 Infos, 121 Warnings, 0 Critical Warnings and 0 Errors encountered.
synth_design completed successfully
synth_design: Time (s): cpu = 00:00:35 ; elapsed = 00:00:37 . Memory (MB): peak = 1260.598 ; gain = 0.000
INFO: [Common 17-1381] The checkpoint 'C:/Users/MONSTER/Desktop/cs223_project/project/project.runs/synth_1/topModule.dcp' has been generated.
INFO: [runtcl-4] Executing : report_utilization -file topModule_utilization_synth.rpt -pb topModule_utilization_synth.pb
INFO: [Common 17-206] Exiting Vivado at Thu May 12 10:10:21 2022...
