
*** Running vivado
    with args -log newTop.vds -m64 -product Vivado -mode batch -messageDb vivado.pb -notrace -source newTop.tcl



****** Vivado v2021.2 (64-bit)
  **** SW Build 3367213 on Tue Oct 19 02:48:09 MDT 2021
  **** IP Build 3369179 on Thu Oct 21 08:25:16 MDT 2021
    ** Copyright 1986-2021 Xilinx, Inc. All Rights Reserved.

source newTop.tcl -notrace
Command: read_checkpoint -auto_incremental -incremental C:/Users/MONSTER/Desktop/lab5/lab5.srcs/utils_1/imports/synth_1/newTop.dcp
INFO: [Vivado 12-5825] Read reference checkpoint from C:/Users/MONSTER/Desktop/lab5/lab5.srcs/utils_1/imports/synth_1/newTop.dcp for incremental synthesis
INFO: [Vivado 12-7989] Please ensure there are no constraint changes
Command: synth_design -top newTop -part xc7a35tcpg236-1
Starting synth_design
Attempting to get a license for feature 'Synthesis' and/or device 'xc7a35t'
INFO: [Common 17-349] Got license for feature 'Synthesis' and/or device 'xc7a35t'
INFO: [Device 21-403] Loading part xc7a35tcpg236-1
WARNING: [Designutils 20-4072] Reference run did not run incremental synthesis because the design is too small; reverting to default synthesis
INFO: [Designutils 20-4379] Flow is switching to default flow due to incremental criteria not met. If you would like to alter this behaviour and have the flow terminate instead, please set the following parameter config_implementation {autoIncr.Synth.RejectBehavior Terminate}
INFO: [Synth 8-7079] Multithreading enabled for synth_design using a maximum of 2 processes.
INFO: [Synth 8-7078] Launching helper process for spawning children vivado processes
INFO: [Synth 8-7075] Helper process launched with PID 4936
---------------------------------------------------------------------------------
Starting RTL Elaboration : Time (s): cpu = 00:00:05 ; elapsed = 00:00:05 . Memory (MB): peak = 1260.262 ; gain = 0.000
---------------------------------------------------------------------------------
INFO: [Synth 8-6157] synthesizing module 'newTop' [C:/Users/MONSTER/Desktop/lab5/lab5.srcs/sources_1/new/top.sv:336]
INFO: [Synth 8-6157] synthesizing module 'pulse_controller' [C:/Users/MONSTER/Desktop/lab5/lab5.srcs/sources_1/new/pulseController.sv:26]
INFO: [Synth 8-155] case statement is not full and has no default [C:/Users/MONSTER/Desktop/lab5/lab5.srcs/sources_1/new/pulseController.sv:55]
INFO: [Synth 8-6155] done synthesizing module 'pulse_controller' (1#1) [C:/Users/MONSTER/Desktop/lab5/lab5.srcs/sources_1/new/pulseController.sv:26]
INFO: [Synth 8-6157] synthesizing module 'top_mips' [C:/Users/MONSTER/Desktop/lab5/lab5.srcs/sources_1/new/top.sv:366]
INFO: [Synth 8-6157] synthesizing module 'controller' [C:/Users/MONSTER/Desktop/lab5/lab5.srcs/sources_1/new/top.sv:452]
INFO: [Synth 8-6157] synthesizing module 'maindec' [C:/Users/MONSTER/Desktop/lab5/lab5.srcs/sources_1/new/top.sv:483]
INFO: [Synth 8-6155] done synthesizing module 'maindec' (2#1) [C:/Users/MONSTER/Desktop/lab5/lab5.srcs/sources_1/new/top.sv:483]
INFO: [Synth 8-6157] synthesizing module 'aludec' [C:/Users/MONSTER/Desktop/lab5/lab5.srcs/sources_1/new/top.sv:505]
INFO: [Synth 8-6155] done synthesizing module 'aludec' (3#1) [C:/Users/MONSTER/Desktop/lab5/lab5.srcs/sources_1/new/top.sv:505]
INFO: [Synth 8-6155] done synthesizing module 'controller' (4#1) [C:/Users/MONSTER/Desktop/lab5/lab5.srcs/sources_1/new/top.sv:452]
INFO: [Synth 8-6157] synthesizing module 'datapath' [C:/Users/MONSTER/Desktop/lab5/lab5.srcs/sources_1/new/top.sv:185]
INFO: [Synth 8-6157] synthesizing module 'PipeWtoF' [C:/Users/MONSTER/Desktop/lab5/lab5.srcs/sources_1/new/top.sv:35]
INFO: [Synth 8-6155] done synthesizing module 'PipeWtoF' (5#1) [C:/Users/MONSTER/Desktop/lab5/lab5.srcs/sources_1/new/top.sv:35]
INFO: [Synth 8-6157] synthesizing module 'mux2' [C:/Users/MONSTER/Desktop/lab5/lab5.srcs/sources_1/new/top.sv:596]
	Parameter WIDTH bound to: 32 - type: integer 
INFO: [Synth 8-6155] done synthesizing module 'mux2' (6#1) [C:/Users/MONSTER/Desktop/lab5/lab5.srcs/sources_1/new/top.sv:596]
INFO: [Synth 8-6157] synthesizing module 'imem' [C:/Users/MONSTER/Desktop/lab5/lab5.srcs/sources_1/new/top.sv:401]
INFO: [Synth 8-6155] done synthesizing module 'imem' (7#1) [C:/Users/MONSTER/Desktop/lab5/lab5.srcs/sources_1/new/top.sv:401]
INFO: [Synth 8-6157] synthesizing module 'PipeFtoD' [C:/Users/MONSTER/Desktop/lab5/lab5.srcs/sources_1/new/top.sv:7]
INFO: [Synth 8-6155] done synthesizing module 'PipeFtoD' (8#1) [C:/Users/MONSTER/Desktop/lab5/lab5.srcs/sources_1/new/top.sv:7]
INFO: [Synth 8-6157] synthesizing module 'regfile' [C:/Users/MONSTER/Desktop/lab5/lab5.srcs/sources_1/new/top.sv:524]
INFO: [Synth 8-6155] done synthesizing module 'regfile' (9#1) [C:/Users/MONSTER/Desktop/lab5/lab5.srcs/sources_1/new/top.sv:524]
INFO: [Synth 8-6157] synthesizing module 'signext' [C:/Users/MONSTER/Desktop/lab5/lab5.srcs/sources_1/new/top.sv:577]
INFO: [Synth 8-6155] done synthesizing module 'signext' (10#1) [C:/Users/MONSTER/Desktop/lab5/lab5.srcs/sources_1/new/top.sv:577]
INFO: [Synth 8-6157] synthesizing module 'sl2' [C:/Users/MONSTER/Desktop/lab5/lab5.srcs/sources_1/new/top.sv:571]
INFO: [Synth 8-6155] done synthesizing module 'sl2' (11#1) [C:/Users/MONSTER/Desktop/lab5/lab5.srcs/sources_1/new/top.sv:571]
INFO: [Synth 8-6157] synthesizing module 'adder' [C:/Users/MONSTER/Desktop/lab5/lab5.srcs/sources_1/new/top.sv:565]
INFO: [Synth 8-6155] done synthesizing module 'adder' (12#1) [C:/Users/MONSTER/Desktop/lab5/lab5.srcs/sources_1/new/top.sv:565]
INFO: [Synth 8-6157] synthesizing module 'PipeDtoE' [C:/Users/MONSTER/Desktop/lab5/lab5.srcs/sources_1/new/top.sv:46]
INFO: [Synth 8-6155] done synthesizing module 'PipeDtoE' (13#1) [C:/Users/MONSTER/Desktop/lab5/lab5.srcs/sources_1/new/top.sv:46]
INFO: [Synth 8-6157] synthesizing module 'mux2__parameterized0' [C:/Users/MONSTER/Desktop/lab5/lab5.srcs/sources_1/new/top.sv:596]
	Parameter WIDTH bound to: 5 - type: integer 
INFO: [Synth 8-6155] done synthesizing module 'mux2__parameterized0' (13#1) [C:/Users/MONSTER/Desktop/lab5/lab5.srcs/sources_1/new/top.sv:596]
INFO: [Synth 8-6157] synthesizing module 'mux4' [C:/Users/MONSTER/Desktop/lab5/lab5.srcs/sources_1/new/top.sv:605]
	Parameter WIDTH bound to: 32 - type: integer 
INFO: [Synth 8-6155] done synthesizing module 'mux4' (14#1) [C:/Users/MONSTER/Desktop/lab5/lab5.srcs/sources_1/new/top.sv:605]
INFO: [Synth 8-6157] synthesizing module 'alu' [C:/Users/MONSTER/Desktop/lab5/lab5.srcs/sources_1/new/top.sv:545]
INFO: [Synth 8-6155] done synthesizing module 'alu' (15#1) [C:/Users/MONSTER/Desktop/lab5/lab5.srcs/sources_1/new/top.sv:545]
INFO: [Synth 8-6157] synthesizing module 'PipeEtoM' [C:/Users/MONSTER/Desktop/lab5/lab5.srcs/sources_1/new/top.sv:101]
INFO: [Synth 8-6155] done synthesizing module 'PipeEtoM' (16#1) [C:/Users/MONSTER/Desktop/lab5/lab5.srcs/sources_1/new/top.sv:101]
INFO: [Synth 8-6157] synthesizing module 'dmem' [C:/Users/MONSTER/Desktop/lab5/lab5.srcs/sources_1/new/top.sv:469]
INFO: [Synth 8-6155] done synthesizing module 'dmem' (17#1) [C:/Users/MONSTER/Desktop/lab5/lab5.srcs/sources_1/new/top.sv:469]
INFO: [Synth 8-6157] synthesizing module 'PipeMtoW' [C:/Users/MONSTER/Desktop/lab5/lab5.srcs/sources_1/new/top.sv:133]
INFO: [Synth 8-6155] done synthesizing module 'PipeMtoW' (18#1) [C:/Users/MONSTER/Desktop/lab5/lab5.srcs/sources_1/new/top.sv:133]
INFO: [Synth 8-6157] synthesizing module 'HazardUnit' [C:/Users/MONSTER/Desktop/lab5/lab5.srcs/sources_1/new/top.sv:277]
INFO: [Synth 8-6155] done synthesizing module 'HazardUnit' (19#1) [C:/Users/MONSTER/Desktop/lab5/lab5.srcs/sources_1/new/top.sv:277]
INFO: [Synth 8-6155] done synthesizing module 'datapath' (20#1) [C:/Users/MONSTER/Desktop/lab5/lab5.srcs/sources_1/new/top.sv:185]
INFO: [Synth 8-6155] done synthesizing module 'top_mips' (21#1) [C:/Users/MONSTER/Desktop/lab5/lab5.srcs/sources_1/new/top.sv:366]
INFO: [Synth 8-6157] synthesizing module 'display_controller' [C:/Users/MONSTER/Desktop/lab5/lab5.srcs/sources_1/new/displayController.sv:24]
INFO: [Synth 8-6155] done synthesizing module 'display_controller' (22#1) [C:/Users/MONSTER/Desktop/lab5/lab5.srcs/sources_1/new/displayController.sv:24]
INFO: [Synth 8-6155] done synthesizing module 'newTop' (23#1) [C:/Users/MONSTER/Desktop/lab5/lab5.srcs/sources_1/new/top.sv:336]
WARNING: [Synth 8-7129] Port BranchD in module HazardUnit is either unconnected or has no load
WARNING: [Synth 8-7129] Port WriteRegE[4] in module HazardUnit is either unconnected or has no load
WARNING: [Synth 8-7129] Port WriteRegE[3] in module HazardUnit is either unconnected or has no load
WARNING: [Synth 8-7129] Port WriteRegE[2] in module HazardUnit is either unconnected or has no load
WARNING: [Synth 8-7129] Port WriteRegE[1] in module HazardUnit is either unconnected or has no load
WARNING: [Synth 8-7129] Port WriteRegE[0] in module HazardUnit is either unconnected or has no load
WARNING: [Synth 8-7129] Port MemtoRegM in module HazardUnit is either unconnected or has no load
WARNING: [Synth 8-7129] Port RegWriteE in module HazardUnit is either unconnected or has no load
WARNING: [Synth 8-7129] Port a[31] in module dmem is either unconnected or has no load
WARNING: [Synth 8-7129] Port a[30] in module dmem is either unconnected or has no load
WARNING: [Synth 8-7129] Port a[29] in module dmem is either unconnected or has no load
WARNING: [Synth 8-7129] Port a[28] in module dmem is either unconnected or has no load
WARNING: [Synth 8-7129] Port a[27] in module dmem is either unconnected or has no load
WARNING: [Synth 8-7129] Port a[26] in module dmem is either unconnected or has no load
WARNING: [Synth 8-7129] Port a[25] in module dmem is either unconnected or has no load
WARNING: [Synth 8-7129] Port a[24] in module dmem is either unconnected or has no load
WARNING: [Synth 8-7129] Port a[23] in module dmem is either unconnected or has no load
WARNING: [Synth 8-7129] Port a[22] in module dmem is either unconnected or has no load
WARNING: [Synth 8-7129] Port a[21] in module dmem is either unconnected or has no load
WARNING: [Synth 8-7129] Port a[20] in module dmem is either unconnected or has no load
WARNING: [Synth 8-7129] Port a[19] in module dmem is either unconnected or has no load
WARNING: [Synth 8-7129] Port a[18] in module dmem is either unconnected or has no load
WARNING: [Synth 8-7129] Port a[17] in module dmem is either unconnected or has no load
WARNING: [Synth 8-7129] Port a[16] in module dmem is either unconnected or has no load
WARNING: [Synth 8-7129] Port a[15] in module dmem is either unconnected or has no load
WARNING: [Synth 8-7129] Port a[14] in module dmem is either unconnected or has no load
WARNING: [Synth 8-7129] Port a[13] in module dmem is either unconnected or has no load
WARNING: [Synth 8-7129] Port a[12] in module dmem is either unconnected or has no load
WARNING: [Synth 8-7129] Port a[11] in module dmem is either unconnected or has no load
WARNING: [Synth 8-7129] Port a[10] in module dmem is either unconnected or has no load
WARNING: [Synth 8-7129] Port a[9] in module dmem is either unconnected or has no load
WARNING: [Synth 8-7129] Port a[8] in module dmem is either unconnected or has no load
WARNING: [Synth 8-7129] Port a[1] in module dmem is either unconnected or has no load
WARNING: [Synth 8-7129] Port a[0] in module dmem is either unconnected or has no load
WARNING: [Synth 8-7129] Port a[31] in module sl2 is either unconnected or has no load
WARNING: [Synth 8-7129] Port a[30] in module sl2 is either unconnected or has no load
---------------------------------------------------------------------------------
Finished RTL Elaboration : Time (s): cpu = 00:00:06 ; elapsed = 00:00:06 . Memory (MB): peak = 1260.262 ; gain = 0.000
---------------------------------------------------------------------------------
---------------------------------------------------------------------------------
Start Handling Custom Attributes
---------------------------------------------------------------------------------
---------------------------------------------------------------------------------
Finished Handling Custom Attributes : Time (s): cpu = 00:00:07 ; elapsed = 00:00:07 . Memory (MB): peak = 1260.262 ; gain = 0.000
---------------------------------------------------------------------------------
---------------------------------------------------------------------------------
Finished RTL Optimization Phase 1 : Time (s): cpu = 00:00:07 ; elapsed = 00:00:07 . Memory (MB): peak = 1260.262 ; gain = 0.000
---------------------------------------------------------------------------------
Netlist sorting complete. Time (s): cpu = 00:00:00 ; elapsed = 00:00:00.049 . Memory (MB): peak = 1260.262 ; gain = 0.000
INFO: [Project 1-570] Preparing netlist for logic optimization

Processing XDC Constraints
Initializing timing engine
Parsing XDC File [C:/Users/MONSTER/Desktop/Basys3.xdc]
Finished Parsing XDC File [C:/Users/MONSTER/Desktop/Basys3.xdc]
INFO: [Project 1-236] Implementation specific constraints were found while reading constraint file [C:/Users/MONSTER/Desktop/Basys3.xdc]. These constraints will be ignored for synthesis but will be used in implementation. Impacted constraints are listed in the file [.Xil/newTop_propImpl.xdc].
Resolution: To avoid this warning, move constraints listed in [.Xil/newTop_propImpl.xdc] to another XDC file and exclude this new file from synthesis with the used_in_synthesis property (File Properties dialog in GUI) and re-run elaboration/synthesis.
Completed Processing XDC Constraints

Netlist sorting complete. Time (s): cpu = 00:00:00 ; elapsed = 00:00:00 . Memory (MB): peak = 1260.262 ; gain = 0.000
INFO: [Project 1-111] Unisim Transformation Summary:
No Unisim elements were transformed.

Constraint Validation Runtime : Time (s): cpu = 00:00:00 ; elapsed = 00:00:00.009 . Memory (MB): peak = 1260.262 ; gain = 0.000
WARNING: [Designutils 20-4072] Reference run did not run incremental synthesis because the design is too small; reverting to default synthesis
INFO: [Designutils 20-4379] Flow is switching to default flow due to incremental criteria not met. If you would like to alter this behaviour and have the flow terminate instead, please set the following parameter config_implementation {autoIncr.Synth.RejectBehavior Terminate}
---------------------------------------------------------------------------------
Finished Constraint Validation : Time (s): cpu = 00:00:13 ; elapsed = 00:00:14 . Memory (MB): peak = 1260.262 ; gain = 0.000
---------------------------------------------------------------------------------
---------------------------------------------------------------------------------
Start Loading Part and Timing Information
---------------------------------------------------------------------------------
Loading part: xc7a35tcpg236-1
---------------------------------------------------------------------------------
Finished Loading Part and Timing Information : Time (s): cpu = 00:00:13 ; elapsed = 00:00:14 . Memory (MB): peak = 1260.262 ; gain = 0.000
---------------------------------------------------------------------------------
---------------------------------------------------------------------------------
Start Applying 'set_property' XDC Constraints
---------------------------------------------------------------------------------
---------------------------------------------------------------------------------
Finished applying 'set_property' XDC Constraints : Time (s): cpu = 00:00:13 ; elapsed = 00:00:14 . Memory (MB): peak = 1260.262 ; gain = 0.000
---------------------------------------------------------------------------------
INFO: [Synth 8-802] inferred FSM for state register 'state_reg' in module 'pulse_controller'
---------------------------------------------------------------------------------------------------
                   State |                     New Encoding |                Previous Encoding 
---------------------------------------------------------------------------------------------------
                 iSTATE3 |                              000 |                              000
                  iSTATE |                              001 |                              001
                 iSTATE0 |                              010 |                              010
                 iSTATE1 |                              011 |                              011
                 iSTATE2 |                              100 |                              100
---------------------------------------------------------------------------------------------------
INFO: [Synth 8-3354] encoded FSM with state register 'state_reg' using encoding 'sequential' in module 'pulse_controller'
---------------------------------------------------------------------------------
Finished RTL Optimization Phase 2 : Time (s): cpu = 00:00:14 ; elapsed = 00:00:15 . Memory (MB): peak = 1260.262 ; gain = 0.000
---------------------------------------------------------------------------------
---------------------------------------------------------------------------------
Start RTL Component Statistics 
---------------------------------------------------------------------------------
Detailed RTL Component Info : 
+---Adders : 
	   2 Input   32 Bit       Adders := 4     
	   3 Input   32 Bit       Adders := 1     
	   2 Input   28 Bit       Adders := 1     
+---Registers : 
	               32 Bit    Registers := 43    
	               28 Bit    Registers := 1     
	                5 Bit    Registers := 5     
	                3 Bit    Registers := 1     
	                1 Bit    Registers := 11    
+---Muxes : 
	   2 Input   32 Bit        Muxes := 85    
	  30 Input   32 Bit        Muxes := 1     
	   5 Input   28 Bit        Muxes := 1     
	   7 Input    7 Bit        Muxes := 1     
	   2 Input    5 Bit        Muxes := 4     
	   4 Input    4 Bit        Muxes := 2     
	   5 Input    3 Bit        Muxes := 1     
	   2 Input    3 Bit        Muxes := 5     
	   9 Input    3 Bit        Muxes := 1     
	   2 Input    2 Bit        Muxes := 2     
	   5 Input    1 Bit        Muxes := 2     
	   3 Input    1 Bit        Muxes := 32    
---------------------------------------------------------------------------------
Finished RTL Component Statistics 
---------------------------------------------------------------------------------
---------------------------------------------------------------------------------
Start Part Resource Summary
---------------------------------------------------------------------------------
Part Resources:
DSPs: 90 (col length:60)
BRAMs: 100 (col length: RAMB18 60 RAMB36 30)
---------------------------------------------------------------------------------
Finished Part Resource Summary
---------------------------------------------------------------------------------
---------------------------------------------------------------------------------
Start Cross Boundary and Area Optimization
---------------------------------------------------------------------------------
WARNING: [Synth 8-7080] Parallel synthesis criteria is not met
WARNING: [Synth 8-3917] design newTop has port dp driven by constant 1
---------------------------------------------------------------------------------
Finished Cross Boundary and Area Optimization : Time (s): cpu = 00:00:29 ; elapsed = 00:00:31 . Memory (MB): peak = 1260.262 ; gain = 0.000
---------------------------------------------------------------------------------
---------------------------------------------------------------------------------
Start ROM, RAM, DSP, Shift Register and Retiming Reporting
---------------------------------------------------------------------------------

Block RAM: Preliminary Mapping Report (see note below)
+------------+----------------------------+------------------------+---+---+------------------------+---+---+------------------+--------+--------+
|Module Name | RTL Object                 | PORT A (Depth x Width) | W | R | PORT B (Depth x Width) | W | R | Ports driving FF | RAMB18 | RAMB36 | 
+------------+----------------------------+------------------------+---+---+------------------------+---+---+------------------+--------+--------+
|newTop      | top1/dataPath/dMem/RAM_reg | 64 x 32(READ_FIRST)    | W | R |                        |   |   | Port A           | 1      | 0      | 
+------------+----------------------------+------------------------+---+---+------------------------+---+---+------------------+--------+--------+

Note: The table above is a preliminary report that shows the Block RAMs at the current stage of the synthesis flow. Some Block RAMs may be reimplemented as non Block RAM primitives later in the synthesis flow. Multiple instantiated Block RAMs are reported only once. 
---------------------------------------------------------------------------------
Finished ROM, RAM, DSP, Shift Register and Retiming Reporting
---------------------------------------------------------------------------------
---------------------------------------------------------------------------------
Start Applying XDC Timing Constraints
---------------------------------------------------------------------------------
---------------------------------------------------------------------------------
Finished Applying XDC Timing Constraints : Time (s): cpu = 00:00:35 ; elapsed = 00:00:37 . Memory (MB): peak = 1260.262 ; gain = 0.000
---------------------------------------------------------------------------------
---------------------------------------------------------------------------------
Start Timing Optimization
---------------------------------------------------------------------------------
---------------------------------------------------------------------------------
Finished Timing Optimization : Time (s): cpu = 00:00:35 ; elapsed = 00:00:37 . Memory (MB): peak = 1260.262 ; gain = 0.000
---------------------------------------------------------------------------------
---------------------------------------------------------------------------------
Start ROM, RAM, DSP, Shift Register and Retiming Reporting
---------------------------------------------------------------------------------

Block RAM: Final Mapping Report
+------------+----------------------------+------------------------+---+---+------------------------+---+---+------------------+--------+--------+
|Module Name | RTL Object                 | PORT A (Depth x Width) | W | R | PORT B (Depth x Width) | W | R | Ports driving FF | RAMB18 | RAMB36 | 
+------------+----------------------------+------------------------+---+---+------------------------+---+---+------------------+--------+--------+
|newTop      | top1/dataPath/dMem/RAM_reg | 64 x 32(READ_FIRST)    | W | R |                        |   |   | Port A           | 1      | 0      | 
+------------+----------------------------+------------------------+---+---+------------------------+---+---+------------------+--------+--------+

---------------------------------------------------------------------------------
Finished ROM, RAM, DSP, Shift Register and Retiming Reporting
---------------------------------------------------------------------------------
---------------------------------------------------------------------------------
Start Technology Mapping
---------------------------------------------------------------------------------
INFO: [Synth 8-7052] The timing for the instance top1/dataPath/dMem/RAM_reg (implemented as a Block RAM) might be sub-optimal as no optional output register could be merged into the ram block. Providing additional output register may help in improving timing.
INFO: [Synth 8-7052] The timing for the instance top1/dataPath/dMem/RAM_reg (implemented as a Block RAM) might be sub-optimal as no optional output register could be merged into the ram block. Providing additional output register may help in improving timing.
---------------------------------------------------------------------------------
Finished Technology Mapping : Time (s): cpu = 00:00:35 ; elapsed = 00:00:38 . Memory (MB): peak = 1260.262 ; gain = 0.000
---------------------------------------------------------------------------------
---------------------------------------------------------------------------------
Start IO Insertion
---------------------------------------------------------------------------------
---------------------------------------------------------------------------------
Start Flattening Before IO Insertion
---------------------------------------------------------------------------------
---------------------------------------------------------------------------------
Finished Flattening Before IO Insertion
---------------------------------------------------------------------------------
---------------------------------------------------------------------------------
Start Final Netlist Cleanup
---------------------------------------------------------------------------------
---------------------------------------------------------------------------------
Finished Final Netlist Cleanup
---------------------------------------------------------------------------------
---------------------------------------------------------------------------------
Finished IO Insertion : Time (s): cpu = 00:00:40 ; elapsed = 00:00:42 . Memory (MB): peak = 1271.613 ; gain = 11.352
---------------------------------------------------------------------------------
---------------------------------------------------------------------------------
Start Renaming Generated Instances
---------------------------------------------------------------------------------
---------------------------------------------------------------------------------
Finished Renaming Generated Instances : Time (s): cpu = 00:00:40 ; elapsed = 00:00:42 . Memory (MB): peak = 1271.613 ; gain = 11.352
---------------------------------------------------------------------------------
---------------------------------------------------------------------------------
Start Rebuilding User Hierarchy
---------------------------------------------------------------------------------
---------------------------------------------------------------------------------
Finished Rebuilding User Hierarchy : Time (s): cpu = 00:00:40 ; elapsed = 00:00:42 . Memory (MB): peak = 1271.613 ; gain = 11.352
---------------------------------------------------------------------------------
---------------------------------------------------------------------------------
Start Renaming Generated Ports
---------------------------------------------------------------------------------
---------------------------------------------------------------------------------
Finished Renaming Generated Ports : Time (s): cpu = 00:00:40 ; elapsed = 00:00:42 . Memory (MB): peak = 1271.613 ; gain = 11.352
---------------------------------------------------------------------------------
---------------------------------------------------------------------------------
Start Handling Custom Attributes
---------------------------------------------------------------------------------
---------------------------------------------------------------------------------
Finished Handling Custom Attributes : Time (s): cpu = 00:00:40 ; elapsed = 00:00:42 . Memory (MB): peak = 1271.613 ; gain = 11.352
---------------------------------------------------------------------------------
---------------------------------------------------------------------------------
Start Renaming Generated Nets
---------------------------------------------------------------------------------
---------------------------------------------------------------------------------
Finished Renaming Generated Nets : Time (s): cpu = 00:00:40 ; elapsed = 00:00:42 . Memory (MB): peak = 1271.613 ; gain = 11.352
---------------------------------------------------------------------------------
---------------------------------------------------------------------------------
Start Writing Synthesis Report
---------------------------------------------------------------------------------

Report BlackBoxes: 
+-+--------------+----------+
| |BlackBox name |Instances |
+-+--------------+----------+
+-+--------------+----------+

Report Cell Usage: 
+------+---------+------+
|      |Cell     |Count |
+------+---------+------+
|1     |BUFG     |     2|
|2     |CARRY4   |    49|
|3     |LUT1     |    31|
|4     |LUT2     |   219|
|5     |LUT3     |    56|
|6     |LUT4     |   112|
|7     |LUT5     |   208|
|8     |LUT6     |  1155|
|9     |MUXF7    |   128|
|10    |RAMB18E1 |     1|
|11    |FDCE     |   283|
|12    |FDRE     |   546|
|13    |FDSE     |    12|
|14    |IBUF     |     3|
|15    |OBUF     |    14|
+------+---------+------+
---------------------------------------------------------------------------------
Finished Writing Synthesis Report : Time (s): cpu = 00:00:40 ; elapsed = 00:00:42 . Memory (MB): peak = 1271.613 ; gain = 11.352
---------------------------------------------------------------------------------
Synthesis finished with 0 errors, 0 critical warnings and 2 warnings.
Synthesis Optimization Runtime : Time (s): cpu = 00:00:31 ; elapsed = 00:00:41 . Memory (MB): peak = 1271.613 ; gain = 11.352
Synthesis Optimization Complete : Time (s): cpu = 00:00:40 ; elapsed = 00:00:43 . Memory (MB): peak = 1271.613 ; gain = 11.352
INFO: [Project 1-571] Translating synthesized netlist
Netlist sorting complete. Time (s): cpu = 00:00:00 ; elapsed = 00:00:00.035 . Memory (MB): peak = 1281.105 ; gain = 0.000
INFO: [Netlist 29-17] Analyzing 178 Unisim elements for replacement
INFO: [Netlist 29-28] Unisim Transformation completed in 0 CPU seconds
INFO: [Project 1-570] Preparing netlist for logic optimization
INFO: [Opt 31-138] Pushed 0 inverter(s) to 0 load pin(s).
Netlist sorting complete. Time (s): cpu = 00:00:00 ; elapsed = 00:00:00.001 . Memory (MB): peak = 1289.797 ; gain = 0.000
INFO: [Project 1-111] Unisim Transformation Summary:
No Unisim elements were transformed.

Synth Design complete, checksum: 288845ba
INFO: [Common 17-83] Releasing license: Synthesis
72 Infos, 40 Warnings, 0 Critical Warnings and 0 Errors encountered.
synth_design completed successfully
synth_design: Time (s): cpu = 00:00:44 ; elapsed = 00:00:48 . Memory (MB): peak = 1289.797 ; gain = 29.535
INFO: [Common 17-1381] The checkpoint 'C:/Users/MONSTER/Desktop/lab5/lab5.runs/synth_1/newTop.dcp' has been generated.
INFO: [runtcl-4] Executing : report_utilization -file newTop_utilization_synth.rpt -pb newTop_utilization_synth.pb
INFO: [Common 17-206] Exiting Vivado at Fri Dec  2 16:42:36 2022...
