Copyright 1986-2021 Xilinx, Inc. All Rights Reserved.
------------------------------------------------------------------------------------
| Tool Version : Vivado v.2021.2 (win64) Build 3367213 Tue Oct 19 02:48:09 MDT 2021
| Date         : Fri Nov 18 09:06:37 2022
| Host         : DESKTOP-CRRKENA running 64-bit major release  (build 9200)
| Command      : report_control_sets -verbose -file newTop_control_sets_placed.rpt
| Design       : newTop
| Device       : xc7a35t
------------------------------------------------------------------------------------

Control Set Information

Table of Contents
-----------------
1. Summary
2. Histogram
3. Flip-Flop Distribution
4. Detailed Control Set Information

1. Summary
----------

+----------------------------------------------------------+-------+
|                          Status                          | Count |
+----------------------------------------------------------+-------+
| Total control sets                                       |     6 |
|    Minimum number of control sets                        |     6 |
|    Addition due to synthesis replication                 |     0 |
|    Addition due to physical synthesis replication        |     0 |
| Unused register locations in slices containing registers |    15 |
+----------------------------------------------------------+-------+
* Control sets can be merged at opt_design using control_set_merge or merge_equivalent_drivers
** Run report_qor_suggestions for automated merging and remapping suggestions


2. Histogram
------------

+--------------------+-------+
|       Fanout       | Count |
+--------------------+-------+
| Total control sets |     6 |
| >= 0 to < 4        |     1 |
| >= 4 to < 6        |     0 |
| >= 6 to < 8        |     0 |
| >= 8 to < 10       |     0 |
| >= 10 to < 12      |     0 |
| >= 12 to < 14      |     0 |
| >= 14 to < 16      |     0 |
| >= 16              |     5 |
+--------------------+-------+
* Control sets can be remapped at either synth_design or opt_design


3. Flip-Flop Distribution
-------------------------

+--------------+-----------------------+------------------------+-----------------+--------------+
| Clock Enable | Synchronous Set/Reset | Asynchronous Set/Reset | Total Registers | Total Slices |
+--------------+-----------------------+------------------------+-----------------+--------------+
| No           | No                    | No                     |              18 |            5 |
| No           | No                    | Yes                    |              35 |           20 |
| No           | Yes                   | No                     |               0 |            0 |
| Yes          | No                    | No                     |               0 |            0 |
| Yes          | No                    | Yes                    |               0 |            0 |
| Yes          | Yes                   | No                     |              28 |            8 |
+--------------+-----------------------+------------------------+-----------------+--------------+


4. Detailed Control Set Information
-----------------------------------

+----------------+----------------------------------+---------------------------+------------------+----------------+--------------+
|  Clock Signal  |           Enable Signal          |      Set/Reset Signal     | Slice Load Count | Bel Load Count | Bels / Slice |
+----------------+----------------------------------+---------------------------+------------------+----------------+--------------+
|  clk_IBUF_BUFG |                                  | reset_IBUF                |                1 |              3 |         3.00 |
|  clk_IBUF_BUFG |                                  |                           |                5 |             18 |         3.60 |
|  clk_IBUF_BUFG | debouncer/CNT                    | debouncer/CNT[27]_i_1_n_1 |                8 |             28 |         3.50 |
|  n_0_457_BUFG  |                                  | reset_IBUF                |               19 |             32 |         1.68 |
|  n_0_457_BUFG  | top1/mips/dp/pcreg/memwrite_OBUF |                           |                8 |             32 |         4.00 |
|  n_0_457_BUFG  | top1/mips/dp/pcreg/we3           |                           |               11 |             88 |         8.00 |
+----------------+----------------------------------+---------------------------+------------------+----------------+--------------+


